c:\users\rohit\studies\object oriented design\projects\source control\dependency analyzer\dependencyanalyzersolution\codeanalyzer\debug\vc140.pdb
c:\users\rohit\studies\object oriented design\projects\source control\dependency analyzer\dependencyanalyzersolution\codeanalyzer\debug\vc140.idb
c:\users\rohit\studies\object oriented design\projects\source control\dependency analyzer\dependencyanalyzersolution\codeanalyzer\debug\filemgr.obj
c:\users\rohit\studies\object oriented design\projects\source control\dependency analyzer\dependencyanalyzersolution\codeanalyzer\debug\filesystem.obj
c:\users\rohit\studies\object oriented design\projects\source control\dependency analyzer\dependencyanalyzersolution\codeanalyzer\debug\grammarhelpers.obj
c:\users\rohit\studies\object oriented design\projects\source control\dependency analyzer\dependencyanalyzersolution\codeanalyzer\debug\logger.obj
c:\users\rohit\studies\object oriented design\projects\source control\dependency analyzer\dependencyanalyzersolution\codeanalyzer\debug\actionsandrules.obj
c:\users\rohit\studies\object oriented design\projects\source control\dependency analyzer\dependencyanalyzersolution\codeanalyzer\debug\configureparser.obj
c:\users\rohit\studies\object oriented design\projects\source control\dependency analyzer\dependencyanalyzersolution\codeanalyzer\debug\scopestack.obj
c:\users\rohit\studies\object oriented design\projects\source control\dependency analyzer\dependencyanalyzersolution\codeanalyzer\debug\semiexp.obj
c:\users\rohit\studies\object oriented design\projects\source control\dependency analyzer\dependencyanalyzersolution\codeanalyzer\debug\utilities.obj
c:\users\rohit\studies\object oriented design\projects\source control\dependency analyzer\dependencyanalyzersolution\codeanalyzer\debug\depanalysisengine.obj
c:\users\rohit\studies\object oriented design\projects\source control\dependency analyzer\dependencyanalyzersolution\codeanalyzer\debug\display.obj
c:\users\rohit\studies\object oriented design\projects\source control\dependency analyzer\dependencyanalyzersolution\codeanalyzer\debug\typetable.obj
c:\users\rohit\studies\object oriented design\projects\source control\dependency analyzer\dependencyanalyzersolution\codeanalyzer\debug\abstrsyntree.obj
c:\users\rohit\studies\object oriented design\projects\source control\dependency analyzer\dependencyanalyzersolution\codeanalyzer\debug\parser.obj
c:\users\rohit\studies\object oriented design\projects\source control\dependency analyzer\dependencyanalyzersolution\codeanalyzer\debug\tokenizer.obj
c:\users\rohit\studies\object oriented design\projects\source control\dependency analyzer\dependencyanalyzersolution\codeanalyzer\debug\executive.obj
c:\users\rohit\studies\object oriented design\projects\source control\dependency analyzer\dependencyanalyzersolution\debug\codeanalyzer.ilk
c:\users\rohit\studies\object oriented design\projects\source control\dependency analyzer\dependencyanalyzersolution\debug\codeanalyzer.exe
c:\users\rohit\studies\object oriented design\projects\source control\dependency analyzer\dependencyanalyzersolution\debug\codeanalyzer.pdb
c:\users\rohit\studies\object oriented design\projects\source control\dependency analyzer\dependencyanalyzersolution\codeanalyzer\debug\codeanalyzer.tlog\cl.command.1.tlog
c:\users\rohit\studies\object oriented design\projects\source control\dependency analyzer\dependencyanalyzersolution\codeanalyzer\debug\codeanalyzer.tlog\cl.read.1.tlog
c:\users\rohit\studies\object oriented design\projects\source control\dependency analyzer\dependencyanalyzersolution\codeanalyzer\debug\codeanalyzer.tlog\cl.write.1.tlog
c:\users\rohit\studies\object oriented design\projects\source control\dependency analyzer\dependencyanalyzersolution\codeanalyzer\debug\codeanalyzer.tlog\link.command.1.tlog
c:\users\rohit\studies\object oriented design\projects\source control\dependency analyzer\dependencyanalyzersolution\codeanalyzer\debug\codeanalyzer.tlog\link.read.1.tlog
c:\users\rohit\studies\object oriented design\projects\source control\dependency analyzer\dependencyanalyzersolution\codeanalyzer\debug\codeanalyzer.tlog\link.write.1.tlog
