c:\users\rohit\studies\object oriented design\projects\source control\remoteclient\remoteclient\mockchannel\debug\mockchannel.pdb
c:\users\rohit\studies\object oriented design\projects\source control\remoteclient\remoteclient\mockchannel\debug\mockchannel.idb
c:\users\rohit\studies\object oriented design\projects\source control\remoteclient\remoteclient\mockchannel\debug\cpp11-blockingqueue.obj
c:\users\rohit\studies\object oriented design\projects\source control\remoteclient\remoteclient\mockchannel\debug\mockchannel.obj
c:\users\rohit\studies\object oriented design\projects\source control\remoteclient\remoteclient\mockchannel\debug\vc140.pdb
c:\users\rohit\studies\object oriented design\projects\source control\remoteclient\remoteclient\mockchannel\debug\vc140.idb
c:\users\rohit\studies\object oriented design\projects\source control\remoteclient\remoteclient\debug\mockchannel.lib
c:\users\rohit\studies\object oriented design\projects\source control\remoteclient\remoteclient\mockchannel\debug\mockchannel.vcxprojresolveassemblyreference.cache
c:\users\rohit\studies\object oriented design\projects\source control\remoteclient\remoteclient\debug\mockchannel.pdb
c:\users\rohit\studies\object oriented design\projects\source control\remoteclient\remoteclient\mockchannel\debug\mockchannel.tlog\cl.command.1.tlog
c:\users\rohit\studies\object oriented design\projects\source control\remoteclient\remoteclient\mockchannel\debug\mockchannel.tlog\cl.read.1.tlog
c:\users\rohit\studies\object oriented design\projects\source control\remoteclient\remoteclient\mockchannel\debug\mockchannel.tlog\cl.write.1.tlog
c:\users\rohit\studies\object oriented design\projects\source control\remoteclient\remoteclient\mockchannel\debug\mockchannel.tlog\lib-link.read.1.tlog
c:\users\rohit\studies\object oriented design\projects\source control\remoteclient\remoteclient\mockchannel\debug\mockchannel.tlog\lib-link.write.1.tlog
c:\users\rohit\studies\object oriented design\projects\source control\remoteclient\remoteclient\mockchannel\debug\mockchannel.tlog\lib.command.1.tlog
c:\users\rohit\studies\object oriented design\projects\source control\remoteclient\remoteclient\mockchannel\debug\mockchannel.tlog\link-cvtres.read.1.tlog
c:\users\rohit\studies\object oriented design\projects\source control\remoteclient\remoteclient\mockchannel\debug\mockchannel.tlog\link-cvtres.write.1.tlog
c:\users\rohit\studies\object oriented design\projects\source control\remoteclient\remoteclient\mockchannel\debug\mockchannel.tlog\link-rc.read.1.tlog
c:\users\rohit\studies\object oriented design\projects\source control\remoteclient\remoteclient\mockchannel\debug\mockchannel.tlog\link-rc.write.1.tlog
c:\users\rohit\studies\object oriented design\projects\source control\remoteclient\remoteclient\mockchannel\debug\mockchannel.tlog\link.command.1.tlog
c:\users\rohit\studies\object oriented design\projects\source control\remoteclient\remoteclient\mockchannel\debug\mockchannel.tlog\link.read.1.tlog
c:\users\rohit\studies\object oriented design\projects\source control\remoteclient\remoteclient\mockchannel\debug\mockchannel.tlog\link.write.1.tlog
