c:\users\rohit\studies\object oriented design\projects\source control\dependency analyzer\dependencyanalyzersolution\versionmismatch\logger\debug\vc140.pdb
c:\users\rohit\studies\object oriented design\projects\source control\dependency analyzer\dependencyanalyzersolution\versionmismatch\logger\debug\vc140.idb
c:\users\rohit\studies\object oriented design\projects\source control\dependency analyzer\dependencyanalyzersolution\versionmismatch\logger\debug\utilities.obj
c:\users\rohit\studies\object oriented design\projects\source control\dependency analyzer\dependencyanalyzersolution\versionmismatch\logger\debug\cpp11-blockingqueue.obj
c:\users\rohit\studies\object oriented design\projects\source control\dependency analyzer\dependencyanalyzersolution\versionmismatch\logger\debug\logger.obj
c:\users\rohit\studies\object oriented design\projects\source control\dependency analyzer\dependencyanalyzersolution\versionmismatch\logger\debug\loggerv2.pdb
c:\users\rohit\studies\object oriented design\projects\source control\dependency analyzer\dependencyanalyzersolution\versionmismatch\logger\debug\loggerv2.idb
c:\users\rohit\studies\object oriented design\projects\source control\dependency analyzer\dependencyanalyzersolution\debug\loggerv2.lib
c:\users\rohit\studies\object oriented design\projects\source control\dependency analyzer\dependencyanalyzersolution\debug\loggerv2.ilk
c:\users\rohit\studies\object oriented design\projects\source control\dependency analyzer\dependencyanalyzersolution\debug\loggerv2.exe
c:\users\rohit\studies\object oriented design\projects\source control\dependency analyzer\dependencyanalyzersolution\debug\loggerv2.pdb
c:\users\rohit\studies\object oriented design\projects\source control\dependency analyzer\dependencyanalyzersolution\versionmismatch\logger\debug\loggerv2.tlog\cl.command.1.tlog
c:\users\rohit\studies\object oriented design\projects\source control\dependency analyzer\dependencyanalyzersolution\versionmismatch\logger\debug\loggerv2.tlog\cl.read.1.tlog
c:\users\rohit\studies\object oriented design\projects\source control\dependency analyzer\dependencyanalyzersolution\versionmismatch\logger\debug\loggerv2.tlog\cl.write.1.tlog
c:\users\rohit\studies\object oriented design\projects\source control\dependency analyzer\dependencyanalyzersolution\versionmismatch\logger\debug\loggerv2.tlog\lib-link.read.1.tlog
c:\users\rohit\studies\object oriented design\projects\source control\dependency analyzer\dependencyanalyzersolution\versionmismatch\logger\debug\loggerv2.tlog\lib-link.write.1.tlog
c:\users\rohit\studies\object oriented design\projects\source control\dependency analyzer\dependencyanalyzersolution\versionmismatch\logger\debug\loggerv2.tlog\lib.command.1.tlog
c:\users\rohit\studies\object oriented design\projects\source control\dependency analyzer\dependencyanalyzersolution\versionmismatch\logger\debug\loggerv2.tlog\link.command.1.tlog
c:\users\rohit\studies\object oriented design\projects\source control\dependency analyzer\dependencyanalyzersolution\versionmismatch\logger\debug\loggerv2.tlog\link.read.1.tlog
c:\users\rohit\studies\object oriented design\projects\source control\dependency analyzer\dependencyanalyzersolution\versionmismatch\logger\debug\loggerv2.tlog\link.write.1.tlog
