c:\users\rohit\studies\object oriented design\projects\source control\dependency analyzer\dependencyanalyzersolution\graph\debug\vc140.pdb
c:\users\rohit\studies\object oriented design\projects\source control\dependency analyzer\dependencyanalyzersolution\graph\debug\vc140.idb
c:\users\rohit\studies\object oriented design\projects\source control\dependency analyzer\dependencyanalyzersolution\graph\debug\graph.obj
c:\users\rohit\studies\object oriented design\projects\source control\dependency analyzer\dependencyanalyzersolution\graph\debug\xmlreader.obj
c:\users\rohit\studies\object oriented design\projects\source control\dependency analyzer\dependencyanalyzersolution\graph\debug\xmlwriter.obj
c:\users\rohit\studies\object oriented design\projects\source control\dependency analyzer\dependencyanalyzersolution\graph\debug\graph.pdb
c:\users\rohit\studies\object oriented design\projects\source control\dependency analyzer\dependencyanalyzersolution\graph\debug\graph.idb
c:\users\rohit\studies\object oriented design\projects\source control\dependency analyzer\dependencyanalyzersolution\debug\graph.lib
c:\users\rohit\studies\object oriented design\projects\source control\dependency analyzer\dependencyanalyzersolution\debug\graph.ilk
c:\users\rohit\studies\object oriented design\projects\source control\dependency analyzer\dependencyanalyzersolution\debug\graph.exe
c:\users\rohit\studies\object oriented design\projects\source control\dependency analyzer\dependencyanalyzersolution\debug\graph.pdb
c:\users\rohit\studies\object oriented design\projects\source control\dependency analyzer\dependencyanalyzersolution\graph\debug\graph.tlog\cl.command.1.tlog
c:\users\rohit\studies\object oriented design\projects\source control\dependency analyzer\dependencyanalyzersolution\graph\debug\graph.tlog\cl.read.1.tlog
c:\users\rohit\studies\object oriented design\projects\source control\dependency analyzer\dependencyanalyzersolution\graph\debug\graph.tlog\cl.write.1.tlog
c:\users\rohit\studies\object oriented design\projects\source control\dependency analyzer\dependencyanalyzersolution\graph\debug\graph.tlog\lib-link.read.1.tlog
c:\users\rohit\studies\object oriented design\projects\source control\dependency analyzer\dependencyanalyzersolution\graph\debug\graph.tlog\lib-link.write.1.tlog
c:\users\rohit\studies\object oriented design\projects\source control\dependency analyzer\dependencyanalyzersolution\graph\debug\graph.tlog\lib.command.1.tlog
c:\users\rohit\studies\object oriented design\projects\source control\dependency analyzer\dependencyanalyzersolution\graph\debug\graph.tlog\link.command.1.tlog
c:\users\rohit\studies\object oriented design\projects\source control\dependency analyzer\dependencyanalyzersolution\graph\debug\graph.tlog\link.read.1.tlog
c:\users\rohit\studies\object oriented design\projects\source control\dependency analyzer\dependencyanalyzersolution\graph\debug\graph.tlog\link.write.1.tlog
