c:\users\rohit\studies\object oriented design\source code\fawcett code\xml document\xmlparser\debug\vc141.pdb
c:\users\rohit\studies\object oriented design\source code\fawcett code\xml document\xmlparser\debug\vc141.idb
c:\users\rohit\studies\object oriented design\source code\fawcett code\xml document\xmlparser\debug\utilities.obj
c:\users\rohit\studies\object oriented design\source code\fawcett code\xml document\xmlparser\debug\xmldocument.obj
c:\users\rohit\studies\object oriented design\source code\fawcett code\xml document\xmlparser\debug\tokenizer.obj
c:\users\rohit\studies\object oriented design\source code\fawcett code\xml document\xmlparser\debug\xmlelementparts.obj
c:\users\rohit\studies\object oriented design\source code\fawcett code\xml document\xmlparser\debug\xmlelement.obj
c:\users\rohit\studies\object oriented design\source code\fawcett code\xml document\xmlparser\debug\xmlparser.obj
c:\users\rohit\studies\object oriented design\source code\nosql\nosql\xmlparser\debug\vc141.pdb
c:\users\rohit\studies\object oriented design\source code\nosql\nosql\xmlparser\debug\vc141.idb
c:\users\rohit\studies\object oriented design\source code\nosql\nosql\xmlparser\debug\tokenizer.obj
c:\users\rohit\studies\object oriented design\source code\nosql\nosql\xmlparser\debug\xmlelementparts.obj
c:\users\rohit\studies\object oriented design\source code\nosql\nosql\xmlparser\debug\xmlelement.obj
c:\users\rohit\studies\object oriented design\source code\nosql\nosql\xmlparser\debug\utilities.obj
c:\users\rohit\studies\object oriented design\source code\nosql\nosql\xmlparser\debug\xmldocument.obj
c:\users\rohit\studies\object oriented design\source code\nosql\nosql\xmlparser\debug\xmlparser.obj
c:\users\rohit\studies\object oriented design\source code\fawcett code\xml document\debug\xmlparser.ilk
c:\users\rohit\studies\object oriented design\source code\fawcett code\xml document\debug\xmlparser.exe
c:\users\rohit\studies\object oriented design\source code\fawcett code\xml document\debug\xmlparser.pdb
c:\users\rohit\studies\object oriented design\source code\nosql\nosql\debug\xmlparser.ilk
c:\users\rohit\studies\object oriented design\source code\nosql\nosql\debug\xmlparser.exe
c:\users\rohit\studies\object oriented design\source code\nosql\nosql\debug\xmlparser.pdb
c:\users\rohit\studies\object oriented design\source code\nosql\nosql\xmlparser\debug\xmlparser.tlog\cl.command.1.tlog
c:\users\rohit\studies\object oriented design\source code\nosql\nosql\xmlparser\debug\xmlparser.tlog\cl.read.1.tlog
c:\users\rohit\studies\object oriented design\source code\nosql\nosql\xmlparser\debug\xmlparser.tlog\cl.write.1.tlog
c:\users\rohit\studies\object oriented design\source code\nosql\nosql\xmlparser\debug\xmlparser.tlog\link.command.1.tlog
c:\users\rohit\studies\object oriented design\source code\nosql\nosql\xmlparser\debug\xmlparser.tlog\link.read.1.tlog
c:\users\rohit\studies\object oriented design\source code\nosql\nosql\xmlparser\debug\xmlparser.tlog\link.write.1.tlog
