c:\users\rohit\studies\object oriented design\source code\fawcett code\xml document\xmlelementparts\debug\vc141.pdb
c:\users\rohit\studies\object oriented design\source code\fawcett code\xml document\xmlelementparts\debug\vc141.idb
c:\users\rohit\studies\object oriented design\source code\fawcett code\xml document\xmlelementparts\debug\tokenizer.obj
c:\users\rohit\studies\object oriented design\source code\fawcett code\xml document\xmlelementparts\debug\xmlelementparts.obj
c:\users\rohit\studies\object oriented design\source code\nosql\nosql\xmlelementparts\debug\vc141.pdb
c:\users\rohit\studies\object oriented design\source code\nosql\nosql\xmlelementparts\debug\vc141.idb
c:\users\rohit\studies\object oriented design\source code\nosql\nosql\xmlelementparts\debug\tokenizer.obj
c:\users\rohit\studies\object oriented design\source code\nosql\nosql\xmlelementparts\debug\xmlelementparts.obj
c:\users\rohit\studies\object oriented design\source code\fawcett code\xml document\debug\xmlelementparts.ilk
c:\users\rohit\studies\object oriented design\source code\fawcett code\xml document\debug\xmlelementparts.exe
c:\users\rohit\studies\object oriented design\source code\fawcett code\xml document\debug\xmlelementparts.pdb
c:\users\rohit\studies\object oriented design\source code\nosql\nosql\debug\xmlelementparts.ilk
c:\users\rohit\studies\object oriented design\source code\nosql\nosql\debug\xmlelementparts.exe
c:\users\rohit\studies\object oriented design\source code\nosql\nosql\debug\xmlelementparts.pdb
c:\users\rohit\studies\object oriented design\source code\nosql\nosql\xmlelementparts\debug\xmlelementparts.tlog\cl.command.1.tlog
c:\users\rohit\studies\object oriented design\source code\nosql\nosql\xmlelementparts\debug\xmlelementparts.tlog\cl.read.1.tlog
c:\users\rohit\studies\object oriented design\source code\nosql\nosql\xmlelementparts\debug\xmlelementparts.tlog\cl.write.1.tlog
c:\users\rohit\studies\object oriented design\source code\nosql\nosql\xmlelementparts\debug\xmlelementparts.tlog\link.command.1.tlog
c:\users\rohit\studies\object oriented design\source code\nosql\nosql\xmlelementparts\debug\xmlelementparts.tlog\link.read.1.tlog
c:\users\rohit\studies\object oriented design\source code\nosql\nosql\xmlelementparts\debug\xmlelementparts.tlog\link.write.1.tlog
