c:\users\rohit\studies\object oriented design\projects\source control\dependency analyzer\dependencyanalyzersolution\msgserver\debug\vc140.pdb
c:\users\rohit\studies\object oriented design\projects\source control\dependency analyzer\dependencyanalyzersolution\msgserver\debug\vc140.idb
c:\users\rohit\studies\object oriented design\projects\source control\dependency analyzer\dependencyanalyzersolution\msgserver\debug\filesystem.obj
c:\users\rohit\studies\object oriented design\projects\source control\dependency analyzer\dependencyanalyzersolution\msgserver\debug\httpmessage.obj
c:\users\rohit\studies\object oriented design\projects\source control\dependency analyzer\dependencyanalyzersolution\msgserver\debug\cpp11-blockingqueue.obj
c:\users\rohit\studies\object oriented design\projects\source control\dependency analyzer\dependencyanalyzersolution\msgserver\debug\logger.obj
c:\users\rohit\studies\object oriented design\projects\source control\dependency analyzer\dependencyanalyzersolution\msgserver\debug\utilities.obj
c:\users\rohit\studies\object oriented design\projects\source control\dependency analyzer\dependencyanalyzersolution\msgserver\debug\msgserver.obj
c:\users\rohit\studies\object oriented design\projects\source control\dependency analyzer\dependencyanalyzersolution\msgserver\debug\serverconfiguration.obj
c:\users\rohit\studies\object oriented design\projects\source control\dependency analyzer\dependencyanalyzersolution\msgserver\debug\sockets.obj
c:\users\rohit\studies\object oriented design\projects\source control\dependency analyzer\dependencyanalyzersolution\debug\msgserver.pdb
c:\users\rohit\studies\object oriented design\projects\source control\dependency analyzer\dependencyanalyzersolution\msgserver\debug\msgserver.tlog\cl.command.1.tlog
c:\users\rohit\studies\object oriented design\projects\source control\dependency analyzer\dependencyanalyzersolution\msgserver\debug\msgserver.tlog\cl.read.1.tlog
c:\users\rohit\studies\object oriented design\projects\source control\dependency analyzer\dependencyanalyzersolution\msgserver\debug\msgserver.tlog\cl.write.1.tlog
c:\users\rohit\studies\object oriented design\projects\source control\dependency analyzer\dependencyanalyzersolution\msgserver\debug\msgserver.tlog\link-cvtres.read.1.tlog
c:\users\rohit\studies\object oriented design\projects\source control\dependency analyzer\dependencyanalyzersolution\msgserver\debug\msgserver.tlog\link-cvtres.write.1.tlog
c:\users\rohit\studies\object oriented design\projects\source control\dependency analyzer\dependencyanalyzersolution\msgserver\debug\msgserver.tlog\link-rc.read.1.tlog
c:\users\rohit\studies\object oriented design\projects\source control\dependency analyzer\dependencyanalyzersolution\msgserver\debug\msgserver.tlog\link-rc.write.1.tlog
c:\users\rohit\studies\object oriented design\projects\source control\dependency analyzer\dependencyanalyzersolution\msgserver\debug\msgserver.tlog\link.command.1.tlog
c:\users\rohit\studies\object oriented design\projects\source control\dependency analyzer\dependencyanalyzersolution\msgserver\debug\msgserver.tlog\link.read.1.tlog
c:\users\rohit\studies\object oriented design\projects\source control\dependency analyzer\dependencyanalyzersolution\msgserver\debug\msgserver.tlog\link.write.1.tlog
